Build started 30/11/2013 9:36:57 PM.
     1>Project "C:\Users\Rob\Documents\GitHub\GamesProg_CA2\CA2\CA2\CA2.vcxproj" on node 2 (Build target(s)).
     1>ClCompile:
         C:\Program Files (x86)\Microsoft Visual Studio 12.0\VC\bin\CL.exe /c /ZI /nologo /W3 /WX- /sdl /Od /Oy- /D WIN32 /D _DEBUG /D _CONSOLE /D _LIB /D _UNICODE /D UNICODE /Gm /EHsc /RTC1 /MDd /GS /fp:precise /Zc:wchar_t /Zc:forScope /Fo"Debug\\" /Fd"Debug\vc120.pdb" /Gd /TP /analyze- /errorReport:prompt Inventory.cpp Map.cpp Player.cpp Utility.cpp Weapon.cpp main.cpp
         main.cpp
         Weapon.cpp
         Utility.cpp
         Player.cpp
         Map.cpp
         Inventory.cpp
         Generating Code...
       Link:
         C:\Program Files (x86)\Microsoft Visual Studio 12.0\VC\bin\link.exe /ERRORREPORT:PROMPT /OUT:"C:\Users\Rob\Documents\GitHub\GamesProg_CA2\CA2\Debug\CA2.exe" /INCREMENTAL /NOLOGO kernel32.lib user32.lib gdi32.lib winspool.lib comdlg32.lib advapi32.lib shell32.lib ole32.lib oleaut32.lib uuid.lib odbc32.lib odbccp32.lib /MANIFEST /MANIFESTUAC:"level='asInvoker' uiAccess='false'" /manifest:embed /DEBUG /PDB:"C:\Users\Rob\Documents\GitHub\GamesProg_CA2\CA2\Debug\CA2.pdb" /SUBSYSTEM:CONSOLE /TLBID:1 /DYNAMICBASE /NXCOMPAT /IMPLIB:"C:\Users\Rob\Documents\GitHub\GamesProg_CA2\CA2\Debug\CA2.lib" /MACHINE:X86 Debug\Enemy.obj
         Debug\Entry.obj
         Debug\Generics.obj
         Debug\HealingKit.obj
         Debug\Inventory.obj
         Debug\Item.obj
         Debug\main.obj
         Debug\Map.obj
         Debug\Player.obj
         Debug\Room.obj
         Debug\Utility.obj
         Debug\Weapon.obj
         CA2.vcxproj -> C:\Users\Rob\Documents\GitHub\GamesProg_CA2\CA2\Debug\CA2.exe
     1>Done Building Project "C:\Users\Rob\Documents\GitHub\GamesProg_CA2\CA2\CA2\CA2.vcxproj" (Build target(s)).

Build succeeded.

Time Elapsed 00:00:05.24
